0455 072311 bearfather accessed adding a player page.
0457 072311 bearfather added test to Default.
0457 072311 bearfather added test to Punk.
0458 072311 bearfather added test to Punk.
1135 072311 bearfather logged in.
1201 072311 bearfather logged in.
1031 072311 bearfather logged in.
1127 072311 cypher1024 logged in.
1141 072311 cypher1024 logged in.
0101 072411 pompadourjay logged in.
0117 072411 pompadourjay added iamadot to Default.
0132 072411 bearfather logged in.
0159 072411 pompadourjay listed players.
0325 072411 bearfather logged in.
0601 072511 bearfather logged in.
0125 072611 pompadourjay logged in.
0133 072611 pompadourjay listed players.
0842 072611 cypher1024 logged in.
1257 072711 pompadourjay logged in.
0313 072711 bearfather logged in.
0533 072711 pompadourjay logged in.
0533 072711 pompadourjay listed players.
0533 072711 pompadourjay is zaping people!
0534 072711 pompadourjay is zaping people!
0542 072711 pompadourjay listed players.
0728 072711 pompadourjay logged in.
0728 072711 pompadourjay logged in.
0254 072711 pompadourjay logged in.
0259 072711 pompadourjay listed players.
0811 072711 pompadourjay logged in.
1226 072811 pompadourjay logged in.
0420 072811 pompadourjay logged in.
0420 072811 pompadourjay listed players.
0446 072811 pompadourjay logged in.
0448 072811 pompadourjay listed players.
0449 072811 pompadourjay is zaping people!
0450 072811 pompadourjay is zaping people!
0450 072811 pompadourjay is zapping pompadourjay!
0450 072811 pompadourjay is zaping people!
0450 072811 pompadourjay is zapping pompadourjay!
0100 072911 pompadourjay logged in.
0105 072911 pompadourjay logged in.
0831 072911 pompadourjay logged in.
0843 072911 pompadourjay ran a backup.
0844 072911 pompadourjay restarted the MC server.
0901 072911 pompadourjay logged in.
0912 072911 pompadourjay logged in.
0948 072911 cypher1024 logged in.
1012 072911 bearfather logged in.
1012 072911 bearfather started restore process.
1012 072911 bearfather step 2 of restore started.
1014 072911 bearfather step 2 of restore started.
1019 072911 bearfather listed players.
0141 073011 pompadourjay logged in.
0341 073011 pompadourjay ran a backup.
0446 073011 pompadourjay logged in.
0824 073011 cypher1024 logged in.
0824 073011 cypher1024 added canison to VIP.
0824 073011 cypher1024 logged in.
0824 073011 cypher1024 listed players.
0900 073011 cypher1024 logged in.
0716 073011 cypher1024 logged in.
0307 073111 bearfather logged in.
1040 073111 cypher1024 logged in.
1134 073111 pompadourjay logged in.
1226 080111 pompadourjay logged in.
0727 080111 cypher1024 logged in.
0813 080111 cypher1024 logged in.
1238 080211 pompadourjay logged in.
0236 080211 pompadourjay logged in.
0331 080211 pompadourjay logged in.
0114 080211 cypher1024 logged in.
0358 080211 cypher1024 logged in.
0507 080211 cypher1024 logged in.
0715 080211 bearfather logged in.
0718 080211 bearfather listed players.
0129 080311 pompadourjay logged in.
0252 080311 bearfather logged in.
0357 080311 pompadourjay logged in.
0633 080311 pompadourjay logged in.
0851 080311 pompadourjay logged in.
0552 080311 pompadourjay logged in.
0741 080311 pompadourjay logged in.
0403 080411 cypher1024 logged in.
0634 080411 cypher1024 logged in.
0243 080411 bearfather logged in.
0243 080411 bearfather restarted the MC server.
0146 080511 pompadourjay logged in.
0644 080511 cypher1024 logged in.
0840 080511 cypher1024 logged in.
0906 080511 pompadourjay logged in.
1204 080611 pompadourjay logged in.
1257 080611 cypher1024 logged in.
0350 080611 pompadourjay logged in.
0442 080611 cypher1024 logged in.
0509 080611 cypher1024 logged in.
0941 080611 pompadourjay logged in.
1015 080611 bearfather logged in.
1108 080611 bearfather logged in.
1110 080611 bearfather listed players.
1248 080711 pompadourjay logged in.
0309 080811 pompadourjay logged in.
0438 080811 cypher1024 logged in.
0439 080811 cypher1024 logged in.
0452 080811 cypher1024 logged in.
0541 080811 bearfather logged in.
0541 080811 bearfather started restore process.
0541 080811 bearfather step 2 of restore started.
0542 080811 bearfather step 2 of restore started.
1205 080911 pompadourjay logged in.
1207 080911 pompadourjay restarted the MC server.
1208 080911 pompadourjay logged in.
0313 080911 cypher1024 logged in.
1144 080911 bearfather logged in.
1007 080911 cypher1024 logged in.
1035 081011 cypher1024 logged in.
0423 081111 bearfather logged in.
1253 081211 pompadourjay logged in.
1253 081211 pompadourjay listed players.
0521 081211 bearfather logged in.
0522 081211 bearfather logged in.
0523 081211 bearfather logged in.
0524 081211 bearfather logged in.
0524 081211 bearfather logged in.
0525 081211 bearfather logged in.
0526 081211 bearfather listed players.
0134 081211 pompadourjay listed players.
0414 081211 bearfather logged in.
1135 081211 pompadourjay logged in.
0633 081411 pompadourjay logged in.
0633 081411 pompadourjay listed players.
0839 081411 bearfather logged in.
0840 081411 bearfather listed players.
0841 081411 bearfather listed players.
1232 081511 pompadourjay logged in.
0130 081511 pompadourjay added Gosukitti to Default.
0238 081511 pompadourjay is zaping people!
0238 081511 pompadourjay is zaping people!
0238 081511 pompadourjay is zapping intelsoap!
0648 081511 pompadourjay logged in.
0703 081511 cypher1024 logged in.
0706 081511 cypher1024 logged in.
0906 081511 cypher1024 logged in.
1255 081511 pompadourjay logged in.
0422 081511 pompadourjay logged in.
0543 081511 pompadourjay logged in.
0544 081511 pompadourjay logged in.
0728 081611 cypher1024 logged in.
0728 081611 cypher1024 added canison to VIP.
0851 081611 pompadourjay logged in.
0851 081611 pompadourjay listed players.
1203 081611 pompadourjay logged in.
0533 081611 pompadourjay logged in.
0552 081611 bearfather logged in.
0556 081611 bearfather restarted the MC server.
0319 081711 bearfather logged in.
1100 081711 pompadourjay logged in.
0132 081811 pompadourjay logged in.
0145 081811 pompadourjay logged in.
0558 081811 pompadourjay logged in.
1121 081811 pompadourjay logged in.
0356 081911 pompadourjay logged in.
1042 081911 pompadourjay logged in.
1100 081911 pompadourjay listed players.
1140 081911 cypher1024 logged in.
1211 082011 cypher1024 logged in.
0122 082011 pompadourjay logged in.
0123 082011 pompadourjay added myrdz to Default.
0124 082011 pompadourjay ran a backup.
0125 082011 pompadourjay ran a backup.
0126 082011 pompadourjay started a Full server restart!
0126 082011 pompadourjay restarted the MC server.
0126 082011 pompadourjay logged in.
0127 082011 pompadourjay restarted the MC server.
0127 082011 pompadourjay restarted the MC server.
0127 082011 pompadourjay restarted the MC server.
0128 082011 pompadourjay restarted the MC server.
0129 082011 pompadourjay started restore process.
0129 082011 pompadourjay restarted the MC server.
0132 082011 pompadourjay logged in.
0244 082011 pompadourjay logged in.
0329 082011 bearfather logged in.
0332 082011 bearfather added Inky561 to Default.
0335 082011 bearfather added Inky561 to Default.
0341 082011 bearfather logged in.
0333 082011 bearfather logged in.
0333 082011 bearfather listed players.
0407 082011 bearfather logged in.
0625 082011 pompadourjay logged in.
0433 082111 bearfather logged in.
0434 082111 bearfather listed players.
0442 082111 bearfather logged in.
0502 082111 bearfather logged in.
0504 082111 cypher1024 logged in.
0504 082111 cypher1024 listed players.
0510 082111 bearfather logged in.
0515 082111 bearfather logged in.
0516 082111 bearfather logged in.
0530 082111 cypher1024 logged in.
0255 082111 bearfather logged in.
0736 082111 bearfather logged in.
0738 082111 bearfather logged in.
0206 082211 bearfather logged in.
0206 082211 bearfather listed players.
0533 082211 pompadourjay logged in.
0813 082211 cypher1024 logged in.
0231 082311 cypher1024 logged in.
0400 082311 cypher1024 logged in.
0429 082311 bearfather logged in.
0429 082311 bearfather listed players.
0237 082311 pompadourjay logged in.
0237 082311 pompadourjay added werty_00000 to Default.
0238 082311 pompadourjay is zaping people!
0238 082311 pompadourjay is zaping people!
0238 082311 pompadourjay is zapping werty_00000!
0355 082311 pompadourjay logged in.
0356 082311 bearfather logged in.
0356 082311 bearfather listed players.
0454 082411 pompadourjay logged in.
0454 082411 pompadourjay added nickbahe to Default.
0550 082411 pompadourjay logged in.
0550 082411 pompadourjay listed players.
0604 082411 cypher1024 logged in.
0822 082411 cypher1024 logged in.
0822 082411 cypher1024 logged in.
0231 082511 pompadourjay logged in.
0231 082511 pompadourjay listed players.
0420 082511 bearfather logged in.
0421 082511 bearfather listed players.
0747 082511 cypher1024 logged in.
0747 082511 cypher1024 listed players.
0103 082611 bearfather logged in.
1158 082611 pompadourjay logged in.
1208 082711 cypher1024 logged in.
0156 082711 cypher1024 logged in.
0156 082711 cypher1024 logged in.
0156 082711 cypher1024 added myrdz to Default.
0821 082711 pompadourjay logged in.
0833 082711 pompadourjay is zaping people!
0833 082711 pompadourjay is zaping people!
0833 082711 pompadourjay is zapping splitfinity!
0840 082711 pompadourjay listed players.
0851 082711 pompadourjay listed players.
0851 082711 pompadourjay listed players.
0851 082711 pompadourjay listed players.
0856 082711 pompadourjay listed players.
0858 082711 pompadourjay listed players.
0906 082711 pompadourjay listed players.
1014 082711 pompadourjay listed players.
1014 082711 pompadourjay listed players.
1014 082711 pompadourjay listed players.
0135 082811 cypher1024 logged in.
0135 082811 cypher1024 is zaping people!
0417 082811 pompadourjay logged in.
0417 082811 pompadourjay listed players.
0220 082811 bearfather logged in.
0319 082811 bearfather listed players.
0353 082811 bearfather logged in.
0356 082811 bearfather logged in.
0413 082811 bearfather listed players.
0430 082811 bearfather logged in.
0431 082811 bearfather logged in.
0438 082811 bearfather logged in.
0438 082811 bearfather logged in.
0439 082811 bearfather logged in.
0439 082811 bearfather logged in.
0441 082811 bearfather logged in.
0454 082811 bearfather logged in.
0454 082811 bearfather logged in.
0454 082811 bearfather logged in.
0455 082811 bearfather logged in.
0455 082811 bearfather logged in.
0455 082811 bearfather logged in.
0456 082811 bearfather logged in.
0457 082811 bearfather logged in.
0457 082811 bearfather logged in.
0459 082811 bearfather logged in.
0459 082811 bearfather logged in.
0503 082811 bearfather logged in.
0505 082811 bearfather logged in.
0505 082811 bearfather logged in.
0506 082811 bearfather logged in.
0511 082811 bearfather logged in.
0703 082811 bearfather logged in.
0712 082811 bearfather logged in.
0713 082811 bearfather logged in.
0714 082811 bearfather logged in.
0715 082811 bearfather logged in.
0451 082911 bearfather logged in.
0531 082911 bearfather logged in.
0728 082911 bearfather logged in.
0833 082911 bearfather logged in.
0428 082911 bearfather logged in.
0441 082911 bearfather logged in.
0447 083011 cypher1024 logged in.
0827 083011 cypher1024 logged in.
0237 083011 bearfather logged in.
0237 083011 bearfather logged in.
0555 083011 bearfather logged in.
0555 083011 bearfather listed players.
0603 083011 bearfather logged in.
0607 083011 bearfather logged in.
0928 083011 bearfather logged in.
0928 083011 bearfather listed players.
1116 083011 cypher1024 logged in.
1117 083011 cypher1024 listed players.
0100 083111 bearfather logged in.
0100 083111 bearfather listed players.
0100 083111 bearfather listed players.
0201 083111 cypher1024 listed players.
0320 083111 bearfather logged in.
0320 083111 bearfather listed players.
1002 083111 cypher1024 logged in.
0721 090111 pompadourjay logged in.
0722 090111 bearfather logged in.
0725 090111 pompadourjay listed players.
0405 090111 pompadourjay logged in.
1004 090111 bearfather logged in.
1005 090111 bearfather listed players.
1024 090111 bearfather logged in.
1024 090111 bearfather listed players.
0725 090211 pompadourjay logged in.
0538 090311 bearfather logged in.
0557 090311 bearfather listed players.
0243 090311 bearfather logged in.
0244 090311 bearfather listed players.
1024 090311 bearfather logged in.
1245 090411 cypher1024 logged in.
1246 090411 cypher1024 logged in.
0735 090411 pompadourjay logged in.
0118 090411 cypher1024 logged in.
0520 090411 bearfather logged in.
0735 090411 pompadourjay logged in.
0944 090411 pompadourjay logged in.
0944 090411 pompadourjay listed players.
1257 090511 pompadourjay logged in.
0908 090511 cypher1024 logged in.
1053 090511 bearfather logged in.
1053 090511 bearfather listed players.
0936 090611 cypher1024 logged in.
0937 090611 cypher1024 added canison to Punk.
0937 090611 cypher1024 added canison to VIP.
0938 090611 cypher1024 added canison to Default.
0939 090611 cypher1024 added elemento to VIP.
0940 090611 cypher1024 added elemento to Default.
0940 090611 cypher1024 added elemento to VIP.
0941 090611 cypher1024 added elemento to Punk.
0941 090611 cypher1024 added elemento to VIP.
0941 090611 cypher1024 added elemento to Default.
0203 090611 cypher1024 logged in.
0355 090611 bearfather logged in.
0409 090611 cypher1024 logged in.
1140 090711 cypher1024 logged in.
1140 090711 cypher1024 listed players.
1206 090811 pompadourjay logged in.
1207 090811 pompadourjay listed players.
1221 090811 pompadourjay listed players.
1241 090811 pompadourjay listed players.
0104 090811 cypher1024 listed players.
0629 090811 cypher1024 logged in.
0632 090811 cypher1024 logged in.
1101 090811 cypher1024 logged in.
1101 090811 cypher1024 listed players.
0355 090811 pompadourjay logged in.
0355 090811 pompadourjay listed players.
0722 090811 bearfather logged in.
0749 090811 pompadourjay logged in.
0749 090811 pompadourjay listed players.
0940 090811 pompadourjay logged in.
0940 090811 pompadourjay listed players.
1200 090911 bearfather logged in.
1208 090911 pompadourjay logged in.
1208 090911 pompadourjay listed players.
1222 090911 pompadourjay listed players.
0217 090911 pompadourjay logged in.
0217 090911 pompadourjay listed players.
0517 090911 bearfather logged in.
0518 090911 bearfather started restore process.
0535 090911 pompadourjay logged in.
0617 090911 pompadourjay listed players.
0848 090911 bearfather logged in.
0849 090911 bearfather listed players.
0849 090911 bearfather started restore process.
0849 090911 bearfather step 2 of restore started.
0849 090911 bearfather step 2 of restore started.
0859 090911 bearfather logged in.
0859 090911 bearfather logged in.
1147 090911 pompadourjay logged in.
1147 090911 pompadourjay listed players.
1156 090911 pompadourjay logged in.
0158 091011 pompadourjay logged in.
0515 091011 bearfather logged in.
0516 091011 bearfather started restore process.
0656 091011 bearfather logged in.
0657 091011 bearfather logged in.
0709 091011 bearfather logged in.
1056 091011 cypher1024 logged in.
1101 091011 cypher1024 listed players.
1102 091011 cypher1024 logged in.
1116 091011 pompadourjay logged in.
1212 091011 cypher1024 logged in.
0328 091011 bearfather logged in.
0341 091011 bearfather logged in.
0401 091011 bearfather restarted the MC server.
0731 091011 bearfather logged in.
0818 091011 pompadourjay logged in.
0850 091011 pompadourjay listed players.
0858 091011 pompadourjay listed players.
0907 091011 pompadourjay listed players.
1220 091111 pompadourjay listed players.
0257 091111 bearfather logged in.
0312 091111 bearfather logged in.
0315 091111 bearfather logged in.
0315 091111 bearfather logged in.
0547 091111 bearfather logged in.
0620 091111 cypher1024 logged in.
0644 091111 bearfather logged in.
0728 091111 bearfather logged in.
0808 091111 bearfather logged in.
0809 091111 bearfather logged in.
0810 091111 bearfather logged in.
0943 091111 cypher1024 logged in.
0947 091111 cypher1024 logged in.
0345 091111 bearfather logged in.
0406 091111 bearfather started restore process.
0406 091111 bearfather step 2 of restore started.
0407 091111 bearfather started restore process.
0407 091111 bearfather step 2 of restore started.
0407 091111 bearfather step 2 of restore started.
0427 091111 bearfather logged in.
0522 091111 bearfather listed players.
0634 091111 bearfather logged in.
0906 091111 pompadourjay logged in.
0907 091111 pompadourjay listed players.
0916 091111 pompadourjay listed players.
0916 091111 pompadourjay listed players.
0930 091111 pompadourjay listed players.
1156 091111 pompadourjay logged in.
1156 091111 pompadourjay listed players.
0200 091211 cypher1024 logged in.
0209 091211 cypher1024 logged in.
0210 091211 cypher1024 logged in.
0211 091211 cypher1024 listed players.
0215 091211 cypher1024 logged in.
0219 091211 pompadourjay logged in.
0245 091211 cypher1024 logged in.
0246 091211 cypher1024 listed players.
0247 091211 cypher1024 logged in.
0247 091211 cypher1024 listed players.
0247 091211 cypher1024 restarted the MC server.
0253 091211 cypher1024 logged in.
0257 091211 cypher1024 logged in.
0309 091211 cypher1024 listed players.
0321 091211 cypher1024 listed players.
0418 091211 cypher1024 logged in.
0627 091211 cypher1024 logged in.
0736 091211 bearfather logged in.
0757 091211 bearfather logged in.
0859 091211 bearfather logged in.
0859 091211 bearfather logged in.
0859 091211 bearfather logged in.
0900 091211 bearfather logged in.
0913 091211 bearfather is zapping canison!
0914 091211 bearfather is zapping BearFather!
0914 091211 bearfather logged in.
0649 091211 bearfather logged in.
0704 091211 pompadourjay logged in.
0704 091211 pompadourjay logged in.
0809 091211 bearfather logged in.
1214 091311 cypher1024 logged in.
0135 091311 bearfather logged in.
0157 091311 cypher1024 logged in.
0205 091511 bearfather logged in.
0205 091511 bearfather logged in.
0807 091511 bearfather logged in.
0807 091511 bearfather logged in.
0605 091511 bearfather logged in.
0605 091511 bearfather started restore process.
0605 091511 bearfather step 2 of restore started.
0605 091511 bearfather step 2 of restore started.
0636 091511 bearfather logged in.
0641 091511 zok logged in.
0641 091511 zok logged in.
0642 091511 bearfather logged in.
0642 091511 bearfather logged in.
0643 091511 bearfather is zapping BearFather!
0643 091511 bearfather logged in.
0614 091611 cypher1024 logged in.
0737 091611 cypher1024 logged in.
0737 091611 cypher1024 logged in.
0737 091611 cypher1024 added wombatunder to Default.
0214 091711 bearfather logged in.
0228 091711 cypher1024 logged in.
0228 091711 cypher1024 added LurgenAU to Punk.
0228 091711 cypher1024 added LurgenAU to VIP.
0229 091711 cypher1024 added LurgenAU to Default.
0426 091711 bearfather logged in.
0508 091711 bearfather logged in.
0942 091711 bearfather logged in.
1149 091711 bearfather logged in.
0247 091811 bearfather logged in.
0723 091811 cypher1024 logged in.
0250 091811 bearfather logged in.
0638 091811 pompadourjay logged in.
0352 091911 bearfather logged in.
0343 091911 bearfather logged in.
0808 091911 cypher1024 logged in.
0808 091911 cypher1024 logged in.
0313 092011 bearfather logged in.
1004 092011 cypher1024 logged in.
1004 092011 cypher1024 logged in.
1045 092011 bearfather logged in.
1045 092011 bearfather logged in.
1114 092011 bearfather logged in.
0514 092111 bearfather logged in.
0856 092111 pompadourjay logged in.
1228 092111 bearfather logged in.
0740 092111 zok logged in.
0740 092111 zok logged in.
0744 092111 zok logged in.
0306 092111 zok logged in.
0807 092111 zok logged in.
0807 092111 zok logged in.
0809 092111 zok logged in.
0914 092111 cypher1024 logged in.
0914 092111 cypher1024 logged in.
0914 092111 cypher1024 added bb808 to Default.
0915 092111 cypher1024 added bb808 to VIP.
0915 092111 cypher1024 added bb808 to Default.
0915 092111 cypher1024 logged in.
0916 092111 cypher1024 added bb808 to Default.
0917 092111 cypher1024 logged in.
0921 092111 cypher1024 added bb808 to Default.
0922 092111 cypher1024 logged in.
0925 092111 cypher1024 added bb808 to VIP.
0925 092111 cypher1024 logged in.
0926 092111 cypher1024 added bb808 to Default.
0927 092111 cypher1024 added bb808 to Punk.
0927 092111 cypher1024 added bb808 to Default.
0927 092111 cypher1024 logged in.
0934 092111 cypher1024 added bb808 to Default.
0934 092111 cypher1024 logged in.
0936 092111 cypher1024 added bb808 to VIP.
0936 092111 cypher1024 is zapping cypher1024!
0937 092111 cypher1024 logged in.
0937 092111 cypher1024 is zapping PETN!
0937 092111 cypher1024 added PETN to Punk.
0937 092111 cypher1024 logged in.
0938 092111 cypher1024 added bb808 to Default.
0943 092111 cypher1024 logged in.
0944 092111 cypher1024 added bb808 to VIP.
0944 092111 cypher1024 logged in.
0949 092111 cypher1024 restarted the MC server.
0951 092111 cypher1024 logged in.
1107 092111 cypher1024 logged in.
0316 092211 cypher1024 logged in.
0317 092211 bearfather logged in.
0318 092211 cypher1024 logged in.
0323 092211 bearfather logged in.
0323 092211 cypher1024 logged in.
0323 092211 cypher1024 added PETN to Punk.
0324 092211 cypher1024 added PETN to VIP.
0325 092211 cypher1024 logged in.
0327 092211 bearfather restarted the MC server.
0328 092211 bearfather logged in.
0424 092211 cypher1024 logged in.
0425 092211 cypher1024 added PETN to Default.
0520 092211 cypher1024 added bb808 to Default.
0555 092211 cypher1024 logged in.
0318 092211 bearfather logged in.
1134 092211 pompadourjay logged in.
1134 092211 pompadourjay logged in.
1135 092211 pompadourjay logged in.
0822 092311 zok logged in.
1229 092411 zok logged in.
0157 092411 pompadourjay logged in.
0542 092411 cypher1024 logged in.
0542 092411 cypher1024 added ninjawh0re to Punk.
0544 092411 cypher1024 added ninjawh0re to VIP.
0544 092411 cypher1024 added ninjawh0re to Default.
1144 092411 bearfather logged in.
0215 092611 cypher1024 logged in.
0215 092611 cypher1024 logged in.
0330 092611 bearfather logged in.
0330 092611 bearfather logged in.
0331 092611 bearfather banned test
0334 092611 bearfather banned test
0336 092611 bearfather banned test
0337 092611 bearfather banned test2
0338 092611 bearfather banned test2
0339 092611 bearfather banned test
0341 092611 bearfather banned asd
0342 092611 bearfather banned test
0346 092611 bearfather banned test
0348 092611 bearfather banned test
0349 092611 bearfather banned test
0349 092611 bearfather banned YourMom
0925 092611 zok logged in.
0950 092811 zok logged in.
0317 092811 bearfather logged in.
0320 092811 bearfather logged in.
1027 092811 zok logged in.
0419 092911 bearfather logged in.
0624 092911 cypher1024 logged in.
0624 092911 cypher1024 added PETN to Default.
0625 092911 cypher1024 added PETN to VIP.
0625 092911 cypher1024 added PETN to Punk.
0626 092911 cypher1024 added PETN to Default.
0627 092911 cypher1024 added wombatunder to Punk.
0627 092911 cypher1024 added wombatunder to Default.
0316 092911 cypher1024 logged in.
0317 092911 cypher1024 added sabreraider to Default.
0320 092911 cypher1024 added cranky to Default.
1239 093011 zok logged in.
0202 093011 bearfather logged in.
0202 093011 bearfather added test to Default.
0207 093011 bearfather added test to Default.
0207 093011 bearfather added test to VIP.
0208 093011 bearfather added test to Punk.
0208 093011 bearfather added test to Default.
0209 093011 bearfather added test to Default.
0209 093011 bearfather added test to Punk.
0209 093011 bearfather added test to VIP.
0209 093011 bearfather added test to Default.
0211 093011 bearfather logged in.
0500 093011 bearfather logged in.
0816 093011 zok logged in.
1043 093011 zok logged in.
1140 093011 zok logged in.
1146 093011 zok logged in.
1206 100111 zok logged in.
1104 100111 zok logged in.
0150 100111 bearfather logged in.
0151 100111 bearfather logged in.
1013 100111 cypher1024 logged in.
1013 100111 cypher1024 logged in.
1020 100111 zok logged in.
1057 100111 cypher1024 logged in.
1241 100211 bearfather logged in.
1241 100211 bearfather logged in.
0642 100211 cypher1024 logged in.
0500 100311 bearfather logged in.
0508 100311 bearfather restarted the MC server.
0536 100311 bearfather logged in.
0210 100311 pompadourjay logged in.
0211 100311 pompadourjay logged in.
0214 100311 pompadourjay logged in.
0214 100311 pompadourjay logged in.
0555 100411 cypher1024 logged in.
0336 100511 cypher1024 logged in.
0433 100611 cypher1024 logged in.
0534 100811 bearfather logged in.
0540 100811 bearfather logged in.
0746 100811 cypher1024 logged in.
0928 100811 zok logged in.
0456 101011 cypher1024 logged in.
0527 101011 cypher1024 logged in.
0422 101011 cypher1024 logged in.
0653 101011 cypher1024 logged in.
0654 101011 cypher1024 restarted the MC server.
0656 101011 cypher1024 logged in.
0325 101111 bearfather logged in.
0544 101111 cypher1024 logged in.
0548 101111 cypher1024 logged in.
1128 101111 cypher1024 logged in.
0637 101211 zok logged in.
0811 101311 zok logged in.
0844 101311 zok logged in.
0858 101311 zok logged in.
1202 101411 cypher1024 logged in.
1243 101411 cypher1024 logged in.
1233 101511 cypher1024 logged in.
1239 101611 elemento logged in.
1241 101611 elemento logged in.
0238 101611 elemento logged in.
0238 101611 elemento logged in.
0727 101611 elemento logged in.
0624 101611 cypher1024 logged in.
0357 101711 bearfather logged in.
0345 101811 bearfather logged in.
0345 101811 bearfather logged in.
0120 101811 bearfather logged in.
0653 101811 cypher1024 logged in.
0654 101811 cypher1024 added sabreraider to Default.
0246 101911 bearfather logged in.
0806 101911 elemento logged in.
0806 101911 elemento logged in.
0815 101911 elemento logged in.
0815 101911 elemento logged in.
0917 101911 cypher1024 logged in.
0550 102011 bearfather logged in.
1038 102111 elemento logged in.
1038 102111 elemento logged in.
1151 102111 cypher1024 logged in.
1153 102111 elemento logged in.
1157 102111 cypher1024 restarted the MC server.
1158 102111 cypher1024 logged in.
1200 102211 cypher1024 logged in.
1216 102211 elemento logged in.
1223 102211 elemento logged in.
1228 102211 elemento logged in.
0238 102211 elemento logged in.
0739 102211 elemento is zapping cypher1024!
0739 102211 cypher1024 logged in.
0739 102211 cypher1024 is zapping cypher1024!
0740 102211 elemento logged in.
1007 102211 cypher1024 logged in.
1208 102311 elemento logged in.
1208 102311 cypher1024 logged in.
0219 102311 cypher1024 logged in.
0235 102311 bearfather logged in.
0236 102311 bearfather logged in.
0404 102311 bearfather logged in.
0751 102311 cypher1024 logged in.
0405 102411 bearfather logged in.
0439 102511 elemento logged in.
0613 102511 elemento logged in.
0641 102511 bearfather logged in.
0712 102511 cypher1024 logged in.
0712 102511 elemento logged in.
0934 102511 cypher1024 logged in.
0949 102511 cypher1024 logged in.
0235 102611 cypher1024 logged in.
0809 102611 elemento logged in.
0819 102611 cypher1024 logged in.
1154 102611 bearfather logged in.
0949 102611 cypher1024 logged in.
0355 102711 bearfather logged in.
0618 102711 cypher1024 logged in.
0619 102711 cypher1024 is zapping cypher1024!
0702 102711 cypher1024 is zapping wombatunder!
1025 102711 bearfather logged in.
1025 102711 bearfather added canison to VIP.
0107 102811 cypher1024 logged in.
0945 102811 zok logged in.
0836 102911 bearfather logged in.
0836 102911 bearfather logged in.
0842 102911 bearfather added petn to Punk.
0845 102911 bearfather added petn to Punk.
0845 102911 bearfather added petn to Default.
0848 102911 bearfather banned test
0848 102911 bearfather is zapping test!
0848 102911 bearfather added test to VIP.
0849 102911 bearfather added test to Punk.
0856 102911 bearfather logged in.
0856 102911 bearfather logged in.
0920 102911 bearfather restarted the MC server.
0951 102911 bearfather added test to Default.
0952 102911 bearfather added test to Default.
0952 102911 bearfather added test to Punk.
0953 102911 bearfather added test to Default.
0957 102911 bearfather added test to Default.
0957 102911 bearfather added test to Default.
0959 102911 bearfather added test to Default.
1008 102911 bearfather logged in.
0545 103011 bearfather logged in.
0546 103011 bearfather logged in.
0548 103011 bearfather banned cypher1024
0548 103011 bearfather banned elemento
0552 103011 bearfather banned cypher1024
0553 103011 bearfather logged in.
0717 103011 elemento logged in.
0717 103011 elemento is zapping cypher1024!
0729 103011 elemento is zapping cypher1024!
0729 103011 elemento is zapping elemento!
0730 103011 elemento is zapping elemento!
0344 103111 bearfather logged in.
0411 103111 bearfather logged in.
1157 103111 bearfather logged in.
0331 103111 bearfather logged in.
1014 103111 cypher1024 logged in.
0407 110111 bearfather logged in.
0447 110211 cypher1024 logged in.
0537 110211 elemento logged in.
0537 110211 elemento is zapping wombatunder!
0551 110211 bearfather logged in.
0433 110211 bearfather logged in.
1131 110311 cypher1024 logged in.
0401 110411 bearfather logged in.
1205 110511 zok logged in.
1213 110511 zok logged in.
1219 110511 elemento logged in.
1221 110511 elemento added LurgenAU to VIP.
0836 110511 cypher1024 logged in.
0129 110611 zok logged in.
0257 110611 cypher1024 logged in.
0754 110711 bearfather logged in.
0110 110811 bearfather logged in.
0110 110811 bearfather logged in.
0111 110811 bearfather logged in.
0111 110811 bearfather restarted the MC server.
0112 110811 bearfather logged in.
0115 110811 bearfather restarted the MC server.
0130 110911 bearfather logged in.
0132 110911 bearfather logged in.
0637 110911 bearfather logged in.
1235 110911 bearfather logged in.
0259 110911 bearfather logged in.
0259 110911 bearfather ran a backup.
0300 110911 bearfather logged in.
0505 111011 bearfather logged in.
0540 111011 bearfather started restore process.
0354 111011 bearfather logged in.
0255 111111 bearfather logged in.
0433 111111 bearfather logged in.
1119 111111 elemento logged in.
1119 111111 elemento added matou123 to Default.
0143 111211 bearfather logged in.
0213 111211 bearfather logged in.
0257 111211 bearfather restarted the MC server.
0259 111211 bearfather Started the MC server.
0648 111211 elemento logged in.
0649 111211 elemento logged in.
1243 111211 bearfather logged in.
1244 111211 bearfather Started the MC server.
1246 111211 bearfather Started the MC server.
1248 111211 bearfather restarted the MC server.
1250 111211 bearfather started restore process.
1250 111211 bearfather step 2 of restore started.
1250 111211 bearfather step 2 of restore started.
1255 111211 bearfather Started the MC server.
1257 111211 bearfather started restore process.
1257 111211 bearfather step 2 of restore started.
1257 111211 bearfather step 2 of restore started.
0102 111211 bearfather logged in.
0114 111211 bearfather started restore process.
0114 111211 bearfather step 2 of restore started.
0114 111211 bearfather step 2 of restore started.
0117 111211 bearfather ran a backup.
0122 111211 bearfather started restore process.
0122 111211 bearfather step 2 of restore started.
0122 111211 bearfather step 2 of restore started.
0124 111211 bearfather ran a backup.
0128 111211 bearfather logged in.
0129 111211 bearfather started a Full server restart!
0130 111211 bearfather logged in.
0137 111211 bearfather logged in.
0137 111211 bearfather logged in.
0138 111211 bearfather logged in.
0140 111211 bearfather logged in.
0140 111211 bearfather logged in.
0142 111211 bearfather logged in.
0142 111211 bearfather logged in.
0143 111211 bearfather logged in.
0145 111211 bearfather logged in.
0920 111211 bearfather logged in.
0159 111311 bearfather logged in.
0159 111311 bearfather logged in.
0357 111311 elemento logged in.
0358 111311 elemento added kanene99 to Default.
0545 111311 bearfather logged in.
0342 111311 bearfather logged in.
0323 111411 bearfather logged in.
0350 111411 bearfather logged in.
0422 111411 bearfather logged in.
0713 111711 cypher1024 logged in.
0714 111711 cypher1024 logged in.
0832 111711 cypher1024 logged in.
0405 111711 bearfather logged in.
0405 111711 bearfather logged in.
0614 111811 cypher1024 logged in.
0614 111811 cypher1024 is zapping elemento!
0634 111811 bearfather logged in.
0854 111811 zok logged in.
1059 111811 bearfather logged in.
0535 111911 cypher1024 logged in.
0612 111911 bearfather logged in.
0739 111911 bearfather logged in.
0740 111911 bearfather logged in.
0740 111911 bearfather logged in.
0741 111911 bearfather logged in.
0745 111911 bearfather logged in.
0257 111911 bearfather logged in.
0323 111911 bearfather logged in.
0835 111911 bearfather logged in.
0836 111911 bearfather logged in.
1011 111911 bearfather logged in.
0319 112011 cypher1024 logged in.
0155 112111 zok logged in.
0124 112311 bearfather logged in.
0125 112311 bearfather logged in.
0126 112311 bearfather logged in.
0127 112311 bearfather logged in.
0127 112311 bearfather logged in.
0127 112311 bearfather logged in.
0127 112311 bearfather logged in.
0128 112311 bearfather logged in.
0345 112311 bearfather logged in.
1212 112311 bearfather logged in.
0951 112311 cypher1024 logged in.
0155 112411 cypher1024 logged in.
0913 112411 cypher1024 logged in.
0315 112511 zok logged in.
0738 112511 cypher1024 logged in.
0959 112611 zok logged in.
1214 112711 cypher1024 logged in.
0217 112811 bearfather logged in.
0910 112811 bearfather logged in.
1227 112911 cypher1024 logged in.
0931 112911 bearfather logged in.
0932 112911 bearfather logged in.
0309 112911 zok logged in.
1114 113011 bearfather logged in.
0553 113011 cypher1024 logged in.
1119 113011 cypher1024 logged in.
1119 113011 cypher1024 logged in.
1120 113011 cypher1024 added PETN to Punk.
1120 113011 cypher1024 added PETN to Punk.
1120 113011 cypher1024 added PETN to Default.
1121 113011 cypher1024 added PETN to Punk.
1122 113011 cypher1024 logged in.
1145 113011 cypher1024 logged in.
1145 113011 cypher1024 added PETN to Default.
0342 120111 cypher1024 logged in.
0342 120111 cypher1024 added Lemmingski to Default.
0508 120111 cypher1024 logged in.
0206 120211 cypher1024 logged in.
0551 120311 bearfather logged in.
0139 120311 cypher1024 logged in.
1024 120311 cypher1024 logged in.
1024 120411 bearfather logged in.
0254 120411 cypher1024 logged in.
0259 120411 cypher1024 logged in.
0807 120411 bearfather logged in.
0701 120711 bearfather logged in.
0914 120711  logged in.
0916 120711 bearfather logged in.
0549 120811 bearfather logged in.
0743 120811 cypher1024 logged in.
0743 120811 cypher1024 added Arradius to Default.
0743 120911 cypher1024 logged in.
0744 120911 cypher1024 logged in.
0744 120911 cypher1024 logged in.
0948 120911 bearfather logged in.
0635 121311 bearfather logged in.
0602 121411 bearfather logged in.
0602 121411 bearfather restarted the MC server.
0915 121511 bearfather logged in.
0130 121611 bearfather logged in.
0133 121611 bearfather logged in.
0138 121611 bearfather logged in.
0145 121611 bearfather logged in.
0147 121611 bearfather logged in.
0154 121611 bearfather logged in.
0156 121611 bearfather logged in.
0156 121611 bearfather logged in.
0158 121611 bearfather logged in.
0158 121611 bearfather logged in.
0159 121611 bearfather logged in.
0200 121611 bearfather logged in.
0200 121611 bearfather logged in.
0200 121611 bearfather logged in.
0200 121611 bearfather logged in.
0200 121611 bearfather logged in.
0200 121611 bearfather logged in.
0208 121611 bearfather logged in.
0208 121611 bearfather logged in.
0209 121611 bearfather logged in.
0211 121611 bearfather logged in.
0211 121611 bearfather logged in.
0212 121611 bearfather logged in.
0213 121611 bearfather logged in.
0214 121611 bearfather logged in.
0214 121611 bearfather logged in.
0215 121611 bearfather logged in.
0216 121611 bearfather logged in.
0217 121611 bearfather logged in.
0218 121611 bearfather logged in.
0220 121611 bearfather logged in.
0221 121611 bearfather logged in.
0222 121611 bearfather logged in.
0654 121611 bearfather logged in.
0811 121611 bearfather logged in.
0330 121711 zok logged in.
0139 121711 bearfather logged in.
0351 121711 bearfather logged in.
0356 121711 bearfather logged in.
0359 121711 bearfather logged in.
0603 121711 bearfather logged in.
1238 121811 cypher1024 logged in.
1250 121811 cypher1024 logged in.
0100 121811 cypher1024 logged in.
0153 121811 cypher1024 logged in.
0312 121811 bearfather logged in.
0312 121811 cypher1024 logged in.
0418 121811 bearfather logged in.
0540 122011 cypher1024 logged in.
0627 122011 elemento logged in.
0624 122111 bearfather logged in.
0200 122311 bearfather logged in.
1139 122311 cypher1024 logged in.
0609 122411 bearfather logged in.
0901 122411 elemento logged in.
0901 122411 elemento is zapping PETN!
0906 122411 cypher1024 logged in.
0907 122411 cypher1024 is zapping elemento!
0907 122411 cypher1024 added PETN to VIP.
0136 122511 elemento logged in.
0138 122511 elemento logged in.
0409 122511 cypher1024 logged in.
1208 122611 elemento logged in.
1209 122611 elemento is zapping cypher1024!
1233 122611 cypher1024 logged in.
0314 122611 bearfather logged in.
0719 122711 bearfather logged in.
0939 122811 cypher1024 logged in.
0939 122811 cypher1024 logged in.
1154 122811 cypher1024 logged in.
1154 122811 elemento logged in.
1155 122811 cypher1024 logged in.
1155 122811 cypher1024 logged in.
1248 122911 elemento logged in.
1249 122911 cypher1024 logged in.
1250 122911 elemento logged in.
1252 122911 cypher1024 logged in.
1255 122911 cypher1024 logged in.
1257 122911 cypher1024 logged in.
0905 122911 cypher1024 logged in.
0147 123011 cypher1024 logged in.
0427 123111 bearfather logged in.
0400 123111 zok logged in.
1130 123111 zok logged in.
1023 010212 cypher1024 logged in.
0355 010312 cypher1024 logged in.
0103 010412 cypher1024 logged in.
0151 010412 cypher1024 logged in.
0229 010412 bearfather logged in.
0241 010412 bearfather logged in.
0428 010512 cypher1024 logged in.
0346 010512 bearfather logged in.
0444 010512 bearfather logged in.
0444 010512 bearfather logged in.
0717 010612 cypher1024 logged in.
1031 010612 cypher1024 logged in.
0447 010712 bearfather logged in.
0447 010712 bearfather added test to Punk.
0448 010712 bearfather added test to Punk.
0453 010712 bearfather logged in.
0453 010712 bearfather logged in.
0454 010712 bearfather logged in.
0422 010812 bearfather logged in.
0427 010812 bearfather logged in.
0427 010812 bearfather added test to Punk.
0434 010812 bearfather added test to Punk.
0437 010812 bearfather added test to Punk.
0440 010812 bearfather added test to Default.
0441 010812 bearfather added test to VIP.
0441 010812 bearfather added test to Punk.
0442 010812 bearfather added test to Default.
0442 010812 bearfather added test to VIP.
0442 010812 bearfather added test to Punk.
0445 010812 bearfather banned test
0456 010812 bearfather logged in.
0456 010812 bearfather banned test
0458 010812 bearfather banned test
0459 010812 bearfather banned test
0503 010812 bearfather logged in.
0503 010812 bearfather banned test
0504 010812 bearfather banned test
0504 010812 bearfather banned test
0506 010812 bearfather banned elemento
0508 010812 bearfather is zapping test!
0514 010812 bearfather is zapping bearfather!
0514 010812 bearfather is zapping elemento!
0514 010812 bearfather is zapping BearFather!
0516 010812 bearfather added test to Punk.
0519 010812 bearfather logged in.
0519 010812 bearfather added test to Default.
0519 010812 bearfather added test to VIP.
0519 010812 bearfather added test to Punk.
0520 010812 bearfather banned test
0521 010812 bearfather banned test
0528 010812 bearfather logged in.
0530 010812 bearfather logged in.
0536 010812 bearfather logged in.
0625 010812 bearfather logged in.
0444 010912 bearfather logged in.
0445 010912 cypher1024 logged in.
1257 010912 bearfather logged in.
0358 011012 bearfather logged in.
0849 011212 cypher1024 logged in.
0849 011212 cypher1024 logged in.
0410 011412 cypher1024 logged in.
0216 011712 cypher1024 logged in.
0447 011812 bearfather logged in.
1255 011912 bearfather logged in.
1255 011912 bearfather logged in.
0326 011912 bearfather logged in.
0327 011912 bearfather restarted the MC server.
0200 012012 bearfather logged in.
0201 012012 bearfather logged in.
0202 012012 bearfather logged in.
0203 012012 bearfather ran a backup.
0206 012012 bearfather logged in.
1252 012212 bearfather logged in.
1252 012212 bearfather logged in.
0703 012212 bearfather logged in.
0703 012212 bearfather logged in.
0705 012212 bearfather logged in.
0848 012212 cypher1024 logged in.
1205 012712 bearfather logged in.
0914 012812 bearfather logged in.
0915 012812 bearfather added cloud_forecast to Default.
1013 012812 cypher1024 logged in.
0413 012912 cypher1024 logged in.
0437 013112 cypher1024 logged in.
1246 020212 cypher1024 logged in.
0329 020212 bearfather logged in.
0223 020412 bearfather logged in.
0341 020412 bearfather logged in.
0757 020412 cypher1024 logged in.
0246 020412 bearfather logged in.
0406 020612 cypher1024 logged in.
0403 020612 bearfather logged in.
0625 020912 cypher1024 logged in.
0353 021012 bearfather logged in.
0604 021112 bearfather logged in.
0454 021212 bearfather logged in.
0352 022012 cypher1024 logged in.
0122 022112 bearfather logged in.
0730 022412 bearfather logged in.
0733 022412 bearfather logged in.
0733 022412 bearfather logged in.
0735 022412 bearfather ran a backup.
0759 022412 bearfather ran a backup.
0800 022412 bearfather ran a DropBox backup.
0800 022412 bearfather ran a DropBox backup.
0800 022412 bearfather ran a DropBox backup.
0801 022412 bearfather ran a DropBox backup.
0801 022412 bearfather ran a DropBox backup.
0805 022412 bearfather ran a DropBox backup.
0805 022412 bearfather ran a DropBox backup.
0807 022412 bearfather ran a DropBox backup.
0813 022412 bearfather ran a DropBox backup.
0818 022412 bearfather ran a DropBox backup.
0819 022412 bearfather ran a DropBox backup.
0820 022412 bearfather ran a DropBox backup.
0821 022412 bearfather ran a DropBox backup.
0823 022412 bearfather ran a DropBox backup.
0824 022412 bearfather ran a DropBox backup.
0829 022412 bearfather ran a DropBox backup.
0829 022412 bearfather ran a DropBox backup.
0830 022412 bearfather ran a DropBox backup.
0831 022412 bearfather ran a DropBox backup.
0835 022412 bearfather ran a DropBox backup.
0858 022412 bearfather ran a DropBox backup.
0859 022412 bearfather ran a DropBox backup.
0900 022412 bearfather ran a DropBox backup.
0901 022412 bearfather ran a DropBox backup.
0903 022412 bearfather ran a DropBox backup.
0904 022412 bearfather ran a DropBox backup.
1144 022412 bearfather logged in.
1144 022412 bearfather started a purge
1144 022412 bearfather started a purge
1147 022412 bearfather started a purge
1147 022412 bearfather started a purge
1147 022412 bearfather started a purge
1148 022412 bearfather started a purge
1148 022412 bearfather started a purge
1149 022412 bearfather started a purge
1149 022412 bearfather started a purge
1150 022412 bearfather logged in.
1152 022412 bearfather started a purge
1152 022412 bearfather started a purge
1153 022412 bearfather started a purge
1153 022412 bearfather started a purge
1154 022412 bearfather started a purge
1154 022412 bearfather started a purge
1155 022412 bearfather started a purge
1155 022412 bearfather started a purge
1158 022412 bearfather started a purge
1158 022412 bearfather started a purge
1159 022412 bearfather started a purge
1203 022512 bearfather started a purge
1203 022512 bearfather started a purge
1204 022512 bearfather started a purge
1205 022512 bearfather started a purge
1205 022512 bearfather started a purge
1206 022512 bearfather started a purge
1206 022512 bearfather started a purge
1206 022512 bearfather started a purge
1206 022512 bearfather started a purge
1207 022512 bearfather started a purge
1207 022512 bearfather started a purge
1208 022512 bearfather started a purge
1208 022512 bearfather started a purge
1209 022512 bearfather started a purge
1209 022512 bearfather started a purge
1209 022512 bearfather started a purge
1213 022512 bearfather started a purge
1213 022512 bearfather started a purge
1213 022512 bearfather started a purge
1213 022512 bearfather started a purge
1213 022512 bearfather started a purge
1215 022512 bearfather started a purge
1215 022512 bearfather started a purge
1216 022512 bearfather started a purge
1216 022512 bearfather started a purge
1217 022512 bearfather started a purge
1217 022512 bearfather started a purge
1218 022512 bearfather started a purge
1218 022512 bearfather started a purge
1220 022512 bearfather started a purge
1220 022512 bearfather started a purge
1221 022512 bearfather started a purge
1221 022512 bearfather started a purge
1221 022512 cypher1024 logged in.
1222 022512 bearfather started a purge
1223 022512 cypher1024 started a purge
1223 022512 bearfather logged in.
1223 022512 bearfather logged in.
1224 022512 cypher1024 started a purge
1239 022512 bearfather logged in.
1247 022512 bearfather started a purge
1248 022512 bearfather started a purge
1248 022512 bearfather started a purge
1248 022512 bearfather did a purge of 1M
1249 022512 bearfather started a purge
1249 022512 bearfather started a purge
1249 022512 bearfather did a purge of 5months
1256 022512 bearfather started a purge
1257 022512 bearfather started a purge
1257 022512 bearfather started a purge
1258 022512 bearfather started a purge
1258 022512 bearfather logged in.
1259 022512 bearfather started a purge
0100 022512 bearfather started a purge
0101 022512 bearfather started a purge
0101 022512 bearfather started a purge
0101 022512 bearfather started a purge
0101 022512 bearfather started a purge
0102 022512 bearfather started a purge
0103 022512 bearfather started a purge
0103 022512 bearfather started a purge
0104 022512 bearfather ran a backup.
0104 022512 bearfather started restore process.
0104 022512 bearfather step 2 of restore started.
0106 022512 bearfather step 2 of restore started.
0106 022512 bearfather step 2 of restore started.
0112 022512 bearfather logged in.
0113 022512 bearfather logged in.
0113 022512 bearfather logged in.
0114 022512 bearfather is zapping test!
0721 022512 bearfather logged in.
